Building DAG of jobs...
Using shell: /usr/bin/bash
Provided cluster nodes: 8
Job stats:
job                     count
--------------------  -------
all                         1
bam_filter_polyx            1
bam_to_fastq_pe             1
download_sra_pe             1
extract_unmapped_bam        1
fastp_pe                    1
fastq_pair                  1
final_report                1
kz_filter_pe                1
samtools_coverage           1
star_human                  1
star_virus_pe               1
total                      12

Select jobs to execute...

[Fri Aug 15 15:25:16 2025]
rule download_sra_pe:
    output: data/sample 1_1.fastq.gz, data/sample 1_2.fastq.gz
    log: logs/sample 1_download.log
    jobid: 4
    reason: Missing output files: data/sample 1_1.fastq.gz, data/sample 1_2.fastq.gz
    wildcards: sample=sample 1
    threads: 4
    resources: mem_mb=1000, mem_mib=954, disk_mb=1000, disk_mib=954, tmpdir=<TBD>

[Fri Aug 15 15:25:25 2025]
Error in rule download_sra_pe:
    jobid: 4
    output: data/sample 1_1.fastq.gz, data/sample 1_2.fastq.gz
    log: logs/sample 1_download.log (check log file(s) for error details)
    shell:
        
            mkdir -p data logs
            if [ -f data/sample 1_1.fastq.gz ] && [ -f data/sample 1_2.fastq.gz ]; then
                echo "FASTQs exist for SRR16948803, skipping." >> logs/sample 1_download.log
            else
                /SAN/vyplab/alb_projects/tools/sratoolkit.3.1.1-centos_linux64/bin/prefetch --max-size 70000000000 SRR16948803 2>> logs/sample 1_download.log
                /SAN/vyplab/alb_projects/tools/sratoolkit.3.1.1-centos_linux64/bin/fasterq-dump -e 4 -x SRR16948803 --split-files -O data 2>> logs/sample 1_download.log
                gzip -f data/SRR16948803_1.fastq data/SRR16948803_2.fastq 2>> logs/sample 1_download.log
                rm -rf SRR16948803
            fi
            
        (one of the commands exited with non-zero exit code; note that snakemake uses bash strict mode!)

Error executing rule download_sra_pe on cluster (jobid: 4, external: 51237, jobscript: /SAN/vyplab/first_weeks/github_test/.snakemake/tmp.0uiyy2tn/snakejob.download_sra_pe.4.sh). For error details see the cluster log and the log files of the involved rule(s).
Shutting down, this might take some time.
Exiting because a job execution failed. Look above for error message
Complete log: .snakemake/log/2025-08-15T152512.156457.snakemake.log
